0 info it worked if it ends with ok
1 verbose cli [ 'C:\\Program Files\\nodejs\\node.exe',
1 verbose cli   'C:\\Program Files\\nodejs\\node_modules\\npm\\bin\\npm-cli.js',
1 verbose cli   'start' ]
2 info using npm@3.10.10
3 info using node@v6.9.5
4 verbose run-script [ 'prestart', 'start', 'poststart' ]
5 info lifecycle Phase3@1.0.0~prestart: Phase3@1.0.0
6 silly lifecycle Phase3@1.0.0~prestart: no script for prestart, continuing
7 info lifecycle Phase3@1.0.0~start: Phase3@1.0.0
8 verbose lifecycle Phase3@1.0.0~start: unsafe-perm in lifecycle true
9 verbose lifecycle Phase3@1.0.0~start: PATH: C:\Program Files\nodejs\node_modules\npm\bin\node-gyp-bin;C:\Users\Jiaxing\Documents\GitHub\Team01-FoodChemistry\Phase4_final\node_modules\.bin;C:\Users\Jiaxing\AppData\Local\GitHub\PortableGit_f02737a78695063deace08e96d5042710d3e32db\cmd;C:\Users\Jiaxing\AppData\Local\GitHub\PortableGit_f02737a78695063deace08e96d5042710d3e32db\usr\bin;C:\Users\Jiaxing\AppData\Local\GitHub\PortableGit_f02737a78695063deace08e96d5042710d3e32db\usr\share\git-tfs;C:\Users\Jiaxing\AppData\Local\Apps\2.0\ZBXRR8Y7.D56\ROY3VM1G.84M\gith..tion_317444273a93ac29_0003.0003_5794af8169eeff14;C:\Users\Jiaxing\AppData\Local\GitHub\lfs-amd64_1.5.5;C:\Program Files (x86)\Java\jdk1.7.0_25\jre\bin;C:\Program Files (x86)\Java\jdk1.7.0_25\bin;C:\Program Files (x86)\Skype\Phone\;C:\Program Files\Microsoft SQL Server\110\Tools\Binn\;C:\Program Files\Microsoft SQL Server\120\Tools\Binn\;C:\Program Files (x86)\OpenVPN\bin;C:\Program Files\nodejs\;C:\Users\Jiaxing\AppData\Local\Enthought\Canopy\User;C:\Users\Jiaxing\AppData\Local\Enthought\Canopy\User\Scripts;C:\Users\Jiaxing\Documents\GitHub\bin;D:\app\curl_7_52_1_openssl_nghttp2_x64;C:\Program Files\nodejs;C:\Users\Jiaxing\AppData\Roaming\npm;C:\Program Files\Heroku\bin;C:\Windows\Microsoft.NET\Framework\v4.0.30319\;C:\Program Files (x86)\Microsoft SDKs\Windows\v8.1A\bin\NETFX 4.5.1 Tools\x64
10 verbose lifecycle Phase3@1.0.0~start: CWD: C:\Users\Jiaxing\Documents\GitHub\Team01-FoodChemistry\Phase4_final
11 silly lifecycle Phase3@1.0.0~start: Args: [ '/d /s /c', 'node server.js' ]
12 silly lifecycle Phase3@1.0.0~start: Returned: code: 1  signal: null
13 info lifecycle Phase3@1.0.0~start: Failed to exec start script
14 verbose stack Error: Phase3@1.0.0 start: `node server.js`
14 verbose stack Exit status 1
14 verbose stack     at EventEmitter.<anonymous> (C:\Program Files\nodejs\node_modules\npm\lib\utils\lifecycle.js:255:16)
14 verbose stack     at emitTwo (events.js:106:13)
14 verbose stack     at EventEmitter.emit (events.js:191:7)
14 verbose stack     at ChildProcess.<anonymous> (C:\Program Files\nodejs\node_modules\npm\lib\utils\spawn.js:40:14)
14 verbose stack     at emitTwo (events.js:106:13)
14 verbose stack     at ChildProcess.emit (events.js:191:7)
14 verbose stack     at maybeClose (internal/child_process.js:877:16)
14 verbose stack     at Process.ChildProcess._handle.onexit (internal/child_process.js:226:5)
15 verbose pkgid Phase3@1.0.0
16 verbose cwd C:\Users\Jiaxing\Documents\GitHub\Team01-FoodChemistry\Phase4_final
17 error Windows_NT 6.1.7601
18 error argv "C:\\Program Files\\nodejs\\node.exe" "C:\\Program Files\\nodejs\\node_modules\\npm\\bin\\npm-cli.js" "start"
19 error node v6.9.5
20 error npm  v3.10.10
21 error code ELIFECYCLE
22 error Phase3@1.0.0 start: `node server.js`
22 error Exit status 1
23 error Failed at the Phase3@1.0.0 start script 'node server.js'.
23 error Make sure you have the latest version of node.js and npm installed.
23 error If you do, this is most likely a problem with the Phase3 package,
23 error not with npm itself.
23 error Tell the author that this fails on your system:
23 error     node server.js
23 error You can get information on how to open an issue for this project with:
23 error     npm bugs Phase3
23 error Or if that isn't available, you can get their info via:
23 error     npm owner ls Phase3
23 error There is likely additional logging output above.
24 verbose exit [ 1, true ]
